<?xml version="1.0" encoding="UTF-8"?>
<!-- Generated by org.testng.reporters.JUnitReportReporter -->
<testsuite skipped="0" hostname="Acer-PC" name="testcases.SignInPageTest" tests="2" failures="0" timestamp="2021-04-14T14:37:08 IST" time="35.930" errors="0">
  <testcase name="verifyLogin" time="20.940" classname="testcases.SignInPageTest"/>
  <system-out/>
  <testcase name="verifyLogin" time="14.990" classname="testcases.SignInPageTest"/>
  <system-out/>
</testsuite> <!-- testcases.SignInPageTest -->
