<?xml version="1.0" encoding="UTF-8"?>
<!-- Generated by org.testng.reporters.JUnitReportReporter -->
<testsuite skipped="0" hostname="Acer-PC" name="testcases.SignInPageTest" tests="1" failures="0" timestamp="2021-04-05T23:36:32 IST" time="25.388" errors="0">
  <testcase name="verifyLogin" time="25.388" classname="testcases.SignInPageTest"/>
  <system-out/>
</testsuite> <!-- testcases.SignInPageTest -->
