<?xml version="1.0" encoding="UTF-8"?>
<!-- Generated by org.testng.reporters.JUnitReportReporter -->
<testsuite skipped="0" hostname="Acer-PC" name="testcases.SignInPageTest" tests="1" failures="0" timestamp="2021-04-06T22:17:48 IST" time="25.853" errors="0">
  <testcase name="verifyLogin" time="25.853" classname="testcases.SignInPageTest"/>
  <system-out/>
</testsuite> <!-- testcases.SignInPageTest -->
