<?xml version="1.0" encoding="UTF-8"?>
<!-- Generated by org.testng.reporters.JUnitReportReporter -->
<testsuite skipped="0" hostname="Acer-PC" name="testcases.SceduleMeetingTest" tests="1" failures="0" timestamp="2021-04-05T23:36:32 IST" time="60.122" errors="0">
  <testcase name="verifySceduleMeeting" time="60.122" classname="testcases.SceduleMeetingTest"/>
  <system-out/>
</testsuite> <!-- testcases.SceduleMeetingTest -->
