<?xml version="1.0" encoding="UTF-8"?>
<!-- Generated by org.testng.reporters.JUnitReportReporter -->
<testsuite skipped="0" hostname="Acer-PC" name="testcases.SceduleMeetingTest" tests="1" failures="0" timestamp="2021-04-17T16:09:56 IST" time="62.590" errors="0">
  <testcase name="verifySceduleMeeting" time="62.590" classname="testcases.SceduleMeetingTest"/>
  <system-out/>
</testsuite> <!-- testcases.SceduleMeetingTest -->
